DATE: 05/05/2014        INTERNATIONAL CHOCOLATES COMPANY         BRIANNA MULESKI
TIME: 14:52                     EMPLOYEE PAYROLL

EMP ID    HOURS    PAY RATE     GROSS PAY     TAX RATE     TAX WITHHELD  NET PAY================================================================================
1001       43        50.0        2,225.00       8.50%          189.12   2,035.88
1002       34        10.5          357.00       4.50%           16.06     340.94
1003       56        22.0        1,408.00       6.50%           91.52   1,316.48
1004       25        80.5        2,012.50       7.30%          146.91   1,865.59
1017       18        20.0          360.00       4.50%           16.20     343.80
1019       44        92.0        4,232.00      10.00%          423.20   3,808.80
1021       55        79.5        4,968.75      12.50%          621.09   4,347.66
1022       21        95.0        1,995.00       7.30%          145.63   1,849.37
2018       35        78.5        2,747.50       8.50%          233.53   2,513.97
2020       60        20.5        1,435.00       6.50%           93.27   1,341.73
3005       43        40.0        1,780.00       6.50%          115.70   1,664.30
3006       31        12.0          372.00       4.50%           16.74     355.26
3007       44        88.5        4,071.00      10.00%          407.10   3,663.90
3008       40       112.0        4,480.00      12.50%          560.00   3,920.00
4010       55         4.3          268.75       4.50%           12.09     256.66
4012       43        60.0        2,670.00       8.50%          226.95   2,443.05
4013       18        20.0          360.00       4.50%           16.20     343.80
4014       44        92.0        4,232.00      10.00%          423.20   3,808.80
5010       55        88.5        5,531.25      15.00%          829.68   4,701.57
5012       21       105.5        2,215.50       8.50%          188.31   2,027.19
5028       35        78.5        2,747.50       8.50%          233.53   2,513.97
5029       34         7.0          238.00       4.50%           10.71     227.29
5030       40        20.5          820.00       5.00%           41.00     779.00
5035       55        78.5        4,906.25      12.50%          613.28   4,292.97
6016       60       120.0        8,400.00      15.00%        1,260.00   7,140.00
7018       35        78.5        2,747.50       8.50%          233.53   2,513.97
8019       34         7.0          238.00       4.50%           10.71     227.29
8020       40        20.5          820.00       5.00%           41.00     779.00
================================================================================
                    TOTALS:    $68,638.50                   $7,216.26 $61,422.24
