There are 10 companies initially in the directory.
They will be read in and inserted in the list in order.
Added to directory:     DREAMWORK                      3170984299
Added to directory:     EA_GAMES                       4192224040
Added to directory:     GOOGLE                         8624324406
Added to directory:     EPIC                           6889753001
Added to directory:     ESTEE_LAUDER                   8887653624
Added to directory:     NATURAL_GIFT                   2149754637
Added to directory:     COCA_COLA                      6001004053
Added to directory:     GREENLIGHT                     8771233370
Added to directory:     JORDAN                         7689533290
Added to directory:     XMAN_STUDIO                    2335414233

Below are the companies currently in the directory:
COCA_COLA                      6001004053
DREAMWORK                      3170984299
EA_GAMES                       4192224040
EPIC                           6889753001
ESTEE_LAUDER                   8887653624
GOOGLE                         8624324406
GREENLIGHT                     8771233370
JORDAN                         7689533290
NATURAL_GIFT                   2149754637
XMAN_STUDIO                    2335414233

Deleted from directory: NATURAL_GIFT                   2149754637

Added to directory:     FAMOUS_FOOTWARE                2342223279

Below are the companies currently in the directory:
COCA_COLA                      6001004053
DREAMWORK                      3170984299
EA_GAMES                       4192224040
EPIC                           6889753001
ESTEE_LAUDER                   8887653624
FAMOUS_FOOTWARE                2342223279
GOOGLE                         8624324406
GREENLIGHT                     8771233370
JORDAN                         7689533290
XMAN_STUDIO                    2335414233

Already in directory:   EPIC                           6889753001

Already in directory:   FAMOUS_FOOTWARE                2342223279

Below are the companies currently in the directory:
COCA_COLA                      6001004053
DREAMWORK                      3170984299
EA_GAMES                       4192224040
EPIC                           6889753001
ESTEE_LAUDER                   8887653624
FAMOUS_FOOTWARE                2342223279
GOOGLE                         8624324406
GREENLIGHT                     8771233370
JORDAN                         7689533290
XMAN_STUDIO                    2335414233

Deleted from directory: FAMOUS_FOOTWARE                2342223279

Below are the companies currently in the directory:
COCA_COLA                      6001004053
DREAMWORK                      3170984299
EA_GAMES                       4192224040
EPIC                           6889753001
ESTEE_LAUDER                   8887653624
GOOGLE                         8624324406
GREENLIGHT                     8771233370
JORDAN                         7689533290
XMAN_STUDIO                    2335414233

Invalid Command!

Normal Termination of Program 2!