There are 14 companies initially in the directory.
They will be read in and inserted in the list in order.
Added to directory:     AVISTA                         6083481234
Added to directory:     ELEMENT_X                      9724564430
Added to directory:     DREAMWORK                      3170984299
Added to directory:     EA_GAMES                       4192224040
Added to directory:     GOOGLE                         8624324406
Added to directory:     EPIC                           6889753001
Added to directory:     ESTEE_LAUDER                   8887653624
Added to directory:     NATURAL_GIFT                   2149754637
Added to directory:     COCA_COLA                      6001004053
Added to directory:     GREENLIGHT                     8771233370
Added to directory:     JORDAN                         7689533290
Added to directory:     XMAN_STUDIO                    2335414233
Added to directory:     ZEN_PRODUCTION                 4305985743
Added to directory:     THIS_IS_A_LOOONG_COMPANY_NAME  2346654258

Below are the companies currently in the directory:
AVISTA                         6083481234
COCA_COLA                      6001004053
DREAMWORK                      3170984299
EA_GAMES                       4192224040
ELEMENT_X                      9724564430
EPIC                           6889753001
ESTEE_LAUDER                   8887653624
GOOGLE                         8624324406
GREENLIGHT                     8771233370
JORDAN                         7689533290
NATURAL_GIFT                   2149754637
THIS_IS_A_LOOONG_COMPANY_NAME  2346654258
XMAN_STUDIO                    2335414233
ZEN_PRODUCTION                 4305985743

Deleted from directory: EPIC                           6889753001

Deleted from directory: GREENLIGHT                     8771233370

Added to directory:     FOREVER21                      2324553279

Below are the companies currently in the directory:
AVISTA                         6083481234
COCA_COLA                      6001004053
DREAMWORK                      3170984299
EA_GAMES                       4192224040
ELEMENT_X                      9724564430
ESTEE_LAUDER                   8887653624
FOREVER21                      2324553279
GOOGLE                         8624324406
JORDAN                         7689533290
NATURAL_GIFT                   2149754637
THIS_IS_A_LOOONG_COMPANY_NAME  2346654258
XMAN_STUDIO                    2335414233
ZEN_PRODUCTION                 4305985743

Added to directory:     COACH                          6443653624

Already in directory:   COCA_COLA                      6001004053

Below are the companies currently in the directory:
AVISTA                         6083481234
COACH                          6443653624
COCA_COLA                      6001004053
DREAMWORK                      3170984299
EA_GAMES                       4192224040
ELEMENT_X                      9724564430
ESTEE_LAUDER                   8887653624
FOREVER21                      2324553279
GOOGLE                         8624324406
JORDAN                         7689533290
NATURAL_GIFT                   2149754637
THIS_IS_A_LOOONG_COMPANY_NAME  2346654258
XMAN_STUDIO                    2335414233
ZEN_PRODUCTION                 4305985743

Wasn't in directory:    GREENLIGHT                     8771233370

Below are the companies currently in the directory:
AVISTA                         6083481234
COACH                          6443653624
COCA_COLA                      6001004053
DREAMWORK                      3170984299
EA_GAMES                       4192224040
ELEMENT_X                      9724564430
ESTEE_LAUDER                   8887653624
FOREVER21                      2324553279
GOOGLE                         8624324406
JORDAN                         7689533290
NATURAL_GIFT                   2149754637
THIS_IS_A_LOOONG_COMPANY_NAME  2346654258
XMAN_STUDIO                    2335414233
ZEN_PRODUCTION                 4305985743

Deleted from directory: AVISTA                         6083481234

Deleted from directory: ELEMENT_X                      9724564430

Deleted from directory: DREAMWORK                      3170984299

Deleted from directory: EA_GAMES                       4192224040

Deleted from directory: GOOGLE                         8624324406

Wasn't in directory:    EPIC                           6889753001

Deleted from directory: ESTEE_LAUDER                   8887653624

Deleted from directory: NATURAL_GIFT                   2149754637

Deleted from directory: COCA_COLA                      6001004053

Wasn't in directory:    GREENLIGHT                     8771233370

Deleted from directory: JORDAN                         7689533290

Deleted from directory: XMAN_STUDIO                    2335414233

Deleted from directory: ZEN_PRODUCTION                 4305985743

Deleted from directory: THIS_IS_A_LOOONG_COMPANY_NAME  2346654258

Deleted from directory: FOREVER21                      2324553279

Deleted from directory: COACH                          6443653624

Below are the companies currently in the directory:

Wasn't in directory:    EA_GAMES                       4192224040

Below are the companies currently in the directory:

Added to directory:     EA_GAMES                       4192224040

Below are the companies currently in the directory:
EA_GAMES                       4192224040

Normal Termination of Program 2!