DATE: 03/23/2014       INTERNATIONAL CHERRY MACHINE COMPANY             PAGE   1
TIME: 18:12                SALARY INCREASE DETAIL REPORT         BRIANNA MULESKI

EMPLOYEE EMPLOYEE            OFFICE JOB   ANNUAL  PERC.    AMT             NEW
  NUM    NAME                  NO   CODE  SALARY  INCR.  INCREASE         SALARY

 00001   ADAMSON               01   02   $ 40,000 3.5% $ 1,400.00     $41,400.00

 00002   BAKER                 01   01   $ 50,000 3.5% $ 1,750.00     $51,750.00

 00003   CARTWELL              10   02   $100,000 0.0% $     0.00    $100,000.00

 00004   DORSEY                03   04   $ 45,000 3.5% $ 1,575.00     $46,575.00

 00005   HAMMOND               02   02   $ 50,000 3.0% $ 1,500.00     $51,500.00

 00006   NOLTE                 02   02   $ 45,000 3.0% $ 1,350.00     $46,350.00

 00007   REDFORD               01   06   $ 48,000 0.0% $     0.00     $48,000.00

 00008   JOHNKE                03   03   $ 55,000 3.0% $ 1,650.00     $56,650.00

 00009   WHITE                 04   04   $ 59,000 3.0% $ 1,770.00     $60,770.00

 00010   MARSHALL              04   03   $ 53,000 3.0% $ 1,590.00     $54,590.00

 00011   EISEN                 05   01   $ 50,000 0.0% $     0.00     $50,000.00

 00012   SAGER                 06   01   $ 68,000 3.0% $ 2,040.00     $70,040.00

 00013   STERN                 07   02   $ 68,000 4.0% $ 2,720.00     $70,720.00

 00014   SUMMERS               08   01   $ 67,500 0.0% $     0.00     $67,500.00

 00015   JONES                 09   04   $ 40,000 0.0% $     0.00     $40,000.00

 00016   JOHNSON               11   03   $100,000 0.0% $     0.00    $100,000.00

 00017   NOLAN                 02   03   $ 44,750 3.0% $ 1,342.50     $46,092.50

 00018   CANTWELL              02   02   $ 68,250 3.0% $ 2,047.50     $70,297.50

 00019   SMITH                 02   01   $ 75,000 3.0% $ 2,250.00     $77,250.00

 50020   HAMMEL                04   04   $ 59,100 3.0% $ 1,773.00     $60,873.00

 50021   RAMIREZ               04   01   $ 57,043 3.0% $ 1,711.29     $58,754.29

 50022   WASHINGTON            03   01   $ 47,308 3.5% $ 1,655.78     $48,963.78

 50023   JAMES                 03   02   $ 45,716 3.5% $ 1,600.06     $47,316.06

 50024   LYONS                 06   03   $ 65,202 3.0% $ 1,956.06     $67,158.06

 50025   GREGORY               06   03   $ 67,190 3.0% $ 2,015.70     $69,205.70DATE: 03/23/2014       INTERNATIONAL CHERRY MACHINE COMPANY             PAGE   2
TIME: 18:12                SALARY INCREASE DETAIL REPORT         BRIANNA MULESKI

EMPLOYEE EMPLOYEE            OFFICE JOB   ANNUAL  PERC.    AMT             NEW
  NUM    NAME                  NO   CODE  SALARY  INCR.  INCREASE         SALARY

 50026   LINCOLN               07   03   $ 43,262 4.0% $ 1,730.48     $44,992.48

 50027   NEWMAN                05   04   $ 46,531 3.5% $ 1,628.58     $48,159.58

 50028   CARTWELL              08   01   $ 47,082 0.0% $     0.00     $47,082.00

 50029   DREYFUS               08   02   $ 83,108 0.0% $     0.00     $83,108.00

 50030   LOPEZ                 05   02   $ 92,018 3.5% $ 3,220.63     $95,238.63

 50031   FRANKLIN              04   03   $ 44,521 3.0% $ 1,335.63     $45,856.63

 50032   FORTE                 03   01   $ 43,972 3.5% $ 1,539.02     $45,511.02

 50033   BYRON                 08   02   $ 55,601 0.0% $     0.00     $55,601.00

 50034   KEATS                 03   03   $ 43,894 3.0% $ 1,316.82     $45,210.82

 50035   SOMTER                03   04   $ 71,613 3.5% $ 2,506.45     $74,119.45

 50036   PITERIS               02   02   $ 45,000 3.0% $ 1,350.00     $46,350.00

 50037   SIMOS                 04   01   $ 68,900 3.0% $ 2,067.00     $70,967.00

 50038   ASHLEY                04   01   $ 75,800 3.0% $ 2,274.00     $78,074.00

 50039   BUTTERFIELD           08   01   $ 43,200 0.0% $     0.00     $43,200.00

 50040   CALIOPIS              03   03   $ 96,000 3.0% $ 2,880.00     $98,880.00

 50041   DESEREY               02   03   $ 85,000 3.0% $ 2,550.00     $87,550.00

 50042   FIELDSON              01   03   $ 52,300 0.0% $     0.00     $52,300.00

 50043   GALAGHER              08   04   $ 89,000 0.0% $     0.00     $89,000.00

 50044   HOUSTONS              09   04   $ 52,000 0.0% $     0.00     $52,000.00

 50045   JACKSON               02   02   $ 87,000 3.0% $ 2,610.00     $89,610.00

 50046   KENDERSON             02   02   $ 36,000 3.0% $ 1,080.00     $37,080.00

 50047   LIPSTERS              02   04   $ 68,500 3.0% $ 2,055.00     $70,555.00

 50048   MANATARIS             04   04   $ 40,000 3.0% $ 1,200.00     $41,200.00

 50049   NICHOLSON             05   03   $ 55,500 0.0% $     0.00     $55,500.00

 50050   OBERTON               06   03   $ 75,000 3.0% $ 2,250.00     $77,250.00DATE: 03/23/2014       INTERNATIONAL CHERRY MACHINE COMPANY             PAGE   3
TIME: 18:12                SALARY INCREASE DETAIL REPORT         BRIANNA MULESKI

EMPLOYEE EMPLOYEE            OFFICE JOB   ANNUAL  PERC.    AMT             NEW
  NUM    NAME                  NO   CODE  SALARY  INCR.  INCREASE         SALARY

 50051   PETERS                06   03   $ 63,000 3.0% $ 1,890.00     $64,890.00

 50052   ROBERTS               06   02   $ 65,200 3.0% $ 1,956.00     $67,156.00

 50053   SERGIS                09   01   $ 87,000 0.0% $     0.00     $87,000.00

 50054   TUCKERSON             01   01   $ 65,000 3.5% $ 2,275.00     $67,275.00

 50055   VRICOLICSON           02   04   $ 50,000 3.0% $ 1,500.00     $51,500.00

 50056   MACALUSO              02   03   $ 75,800 3.0% $ 2,274.00     $78,074.00

 50057   KORNS                 03   03   $ 60,000 3.0% $ 1,800.00     $61,800.00

 50058   OKINS                 04   78   $ 75,600 3.0% $ 2,268.00     $77,868.00

 50059   FRIEDMAN              05   45   $ 89,500 3.5% $ 3,132.50     $92,632.50

 50060   SANTOS                05   78   $ 47,100 3.5% $ 1,648.50     $48,748.50

 00061   ANDOLINI              04   12   $ 55,300 3.0% $ 1,659.00     $56,959.00

 00062   RUTH                  08   12   $ 50,000 0.0% $     0.00     $50,000.00

 00063   APPLESEED             03   12   $ 90,800 3.5% $ 3,178.00     $93,978.00

 00064   RIVERA                02   78   $ 88,623 3.0% $ 2,658.69     $91,281.69

 00065   RIVERSON              01   78   $ 52,900 0.0% $     0.00     $52,900.00

                        TOTALS         $4,024,684      $93,530.19  $4,118,214.19