DATE: 04/14/2014       INTERNATIONAL CHOCOLATES COMPANY        PAGE  1
TIME: 12:05              STORE TRANSACTIONS SUMMARY    BRIANNA MULESKI

STORE: NEW YORK

CUSTOMER CUSTOMER    SALES-  SALES     TRANSACTION
  NUM    NAME        PERSON  AMOUNT        DATE

  0082   Wilson       025    127.40     11/20/2013

  2508   Peterson     355    157.49     01/02/2012

  4630   Bond         254    195.67     04/07/2013

  4663   Williams     262    103.02     06/24/2011

  5192   Lin          316    008.56     07/23/2013

  5333   Brown        144    054.38     09/19/2013

  5583   Letterman    200    017.66     12/15/2011

  7075   Jones        275    176.21     07/21/2013

  7444   Gates        229    018.07     10/16/2010

  7804   Cage         356    068.76     08/15/2013

  9218   Lee          334    150.81     00/26/2013

         STORE TOTAL      $1,078.03DATE: 04/14/2014       INTERNATIONAL CHOCOLATES COMPANY        PAGE  2TIME: 12:05              STORE TRANSACTIONS SUMMARY    BRIANNA MULESKI

STORE: LOS ANGELES

CUSTOMER CUSTOMER    SALES-  SALES     TRANSACTION
  NUM    NAME        PERSON  AMOUNT        DATE

  0002   Chang        159    109.95     10/24/2010

  0219   Mayer        196    194.36     03/26/2013

  1842   Mueller      171    125.78     12/13/2011

  2855   White        158    134.07     08/05/2011

  4286   Frankson     178    123.79     00/16/2013

  4730   Kline        070    141.16     10/12/2013

  4967   Michels      067    114.97     02/13/2013

  5107   McDonald     348    061.13     04/25/2013

  5207   Burke        332    205.87     07/13/2013

  5263   Covert       236    118.16     10/06/2012

  5829   Neuman       328    173.93     11/27/2013

  6143   Lopez        171    195.91     09/11/2012

  7644   Jackson      042    165.81     12/16/2013

  8140   Cambell      020    097.43     04/14/2010

  8202   Fox          358    111.84     07/15/2011

  8941   Ericson      130    144.54     12/15/2012

  9065   Chipman      330    183.19     08/23/2013

         STORE TOTAL      $2,401.89DATE: 04/14/2014       INTERNATIONAL CHOCOLATES COMPANY        PAGE  3TIME: 12:05              STORE TRANSACTIONS SUMMARY    BRIANNA MULESKI

STORE: MIAMI

CUSTOMER CUSTOMER    SALES-  SALES     TRANSACTION
  NUM    NAME        PERSON  AMOUNT        DATE

  0100   Gille        251    099.53     12/11/2011

  0119   Iverson      046    071.56     01/18/2011

  0899   Lewis        099    136.29     05/17/2013

  1893   Korsmo       387    203.80     04/05/2011

  1973   Allen        240    205.90     07/17/2010

  2681   Swan         225    178.40     00/08/2011

  3950   Davis        332    182.07     06/11/2012

  4052   Coughlin     140    209.27     02/26/2011

  5233   Gasper       150    115.30     10/18/2012

  7603   Wills        338    119.03     05/15/2011

  7933   Martin       026    199.60     10/20/2010

  8418   Lurguin      114    097.95     00/10/2013

  8638   Robinson     146    002.70     08/26/2013

  8698   Golding      102    117.08     02/02/2013

  8738   Elver        145    202.41     06/21/2012

  9060   Kraus        158    181.21     03/07/2013

  9096   Noll         002    154.87     07/11/2013

  9596   Martinez     066    173.46     10/24/2011

  9642   Maertz       038    185.19     03/07/2012

         STORE TOTAL      $2,835.62DATE: 04/14/2014       INTERNATIONAL CHOCOLATES COMPANY        PAGE  4TIME: 12:05              STORE TRANSACTIONS SUMMARY    BRIANNA MULESKI

STORE: CHICAGO

CUSTOMER CUSTOMER    SALES-  SALES     TRANSACTION
  NUM    NAME        PERSON  AMOUNT        DATE

  0065   Behrend      244    129.34     02/08/2013

  0657   Clark        135    049.67     11/26/2013

  0782   Johnson      282    179.79     12/02/2013

  1278   Lin          323    183.64     12/29/2013

  1742   Abendroth    385    133.24     10/25/2013

  2408   Wang         098    136.43     12/27/2013

  3139   Wagner       113    077.92     10/07/2013

  3211   Weaver       316    104.53     12/14/2013

  3640   Mcdonald     208    129.36     02/03/2013

  4186   Coleman      402    145.72     05/12/2013

  5092   Young        312    118.41     04/09/2013

  5483   Packard      151    191.71     00/25/2013

  5729   Ott          738    011.00     09/19/2013

  6151   Vang         154    100.61     03/24/2013

  6278   Sharp        277    039.34     11/05/2013

  6975   Wier         019    093.89     12/01/2013

  7344   McDonald     216    093.78     03/13/2013

  7544   Stouffer     320    087.21     08/24/2013

  7704   Hershman     003    116.57     00/05/2013

  8303   Zimmerman    264    038.85     12/10/2013

  8426   Runde        176    170.34     11/09/2013

  8841   Granger      294    181.52     04/02/2013

         STORE TOTAL      $2,512.87

         GRAND TOTAL      $8,828.41