C:\USERS\BRIANNA\DOCUMENTS\SCHOOL\FALL2014\OOPSII\LAB9\LAB9\DEBUG\LAB9.CPP.NATIVECODEANALYSIS.XML
C:\USERS\BRIANNA\DOCUMENTS\SCHOOL\FALL2014\OOPSII\LAB9\LAB9\DEBUG\LAB9.OBJ
C:\USERS\BRIANNA\DOCUMENTS\SCHOOL\FALL2014\OOPSII\LAB9\LAB9\DEBUG\VC110.PDB
C:\USERS\BRIANNA\DOCUMENTS\SCHOOL\FALL2014\OOPSII\LAB9\LAB9\DEBUG\LAB9.ILK
C:\USERS\BRIANNA\DOCUMENTS\SCHOOL\FALL2014\OOPSII\LAB9\LAB9\DEBUG\LAB9.EXE
C:\USERS\BRIANNA\DOCUMENTS\SCHOOL\FALL2014\OOPSII\LAB9\LAB9\DEBUG\LAB9.PDB
C:\Users\Brianna\Documents\School\Fall2014\OOPSII\Lab9\Lab9\Debug\Lab9.obj
C:\Users\Brianna\Documents\School\Fall2014\OOPSII\Lab9\Lab9\Debug\Lab9.ilk
C:\Users\Brianna\Documents\School\Fall2014\OOPSII\Lab9\Lab9\Debug\cl.command.1.tlog
C:\Users\Brianna\Documents\School\Fall2014\OOPSII\Lab9\Lab9\Debug\CL.read.1.tlog
C:\Users\Brianna\Documents\School\Fall2014\OOPSII\Lab9\Lab9\Debug\CL.write.1.tlog
C:\Users\Brianna\Documents\School\Fall2014\OOPSII\Lab9\Lab9\Debug\link-cvtres.read.1.tlog
C:\Users\Brianna\Documents\School\Fall2014\OOPSII\Lab9\Lab9\Debug\link-cvtres.write.1.tlog
C:\Users\Brianna\Documents\School\Fall2014\OOPSII\Lab9\Lab9\Debug\link-rc.read.1.tlog
C:\Users\Brianna\Documents\School\Fall2014\OOPSII\Lab9\Lab9\Debug\link-rc.write.1.tlog
C:\Users\Brianna\Documents\School\Fall2014\OOPSII\Lab9\Lab9\Debug\link.command.1.tlog
C:\Users\Brianna\Documents\School\Fall2014\OOPSII\Lab9\Lab9\Debug\link.read.1.tlog
C:\Users\Brianna\Documents\School\Fall2014\OOPSII\Lab9\Lab9\Debug\link.write.1.tlog
C:\Users\Brianna\Documents\School\Fall2014\OOPSII\Lab9\Lab9\Debug\NativeCodeAnalysis.read.1.tlog
C:\Users\Brianna\Documents\School\Fall2014\OOPSII\Lab9\Lab9\Debug\vc110.idb
C:\Users\Brianna\Documents\School\Fall2014\OOPSII\Lab9\Lab9\Debug\Lab9.pdb
C:\Users\Brianna\Documents\School\Fall2014\OOPSII\Lab9\Lab9\Debug\vc110.pdb
C:\Users\Brianna\Documents\School\Fall2014\OOPSII\Lab9\Lab9\Debug\Lab9.cpp.nativecodeanalysis.xml
C:\Users\Brianna\Documents\School\Fall2014\OOPSII\Lab9\Lab9\Debug\vc.nativecodeanalysis.all.xml
C:\Users\Brianna\Documents\School\Fall2014\OOPSII\Lab9\Lab9\Debug\Lab9.exe
C:\Users\Brianna\Documents\School\Fall2014\OOPSII\Lab9\Lab9\Debug\Lab9.exe.lastcodeanalysissucceeded
